<?xml version="1.0" encoding="UTF-8"?><testsuite errors="1" failures="0" name="buy a product in the falabella application" skipped="0" tests="8" time="197.09" timestamp="2022-04-16 05:02:44"><testcase name=""/><testcase name="the total price in the bag is the corresponding"/><testcase name="Add quantity of products exceeding the stock"/><testcase name="add quantity chosen by the user"><error message="Arity mismatch: Step Definition 'sistecredito.retofalabella.stepdefinitions.ProductShoppingStepDefinitions.theUserSearchesForAProduct(DataProduct&gt;) in file:/C:/Users/JEcheverri/IdeaProjects/RetoSistecredito_falabella/build/classes/java/test/' with pattern [^the user searches for a product$] is declared with 1 parameters. However, the gherkin step has 0 arguments []. &#10;Step text: the user searches for a product" type="cucumber.runtime.CucumberException">Arity mismatch: Step Definition 'sistecredito.retofalabella.stepdefinitions.ProductShoppingStepDefinitions.theUserSearchesForAProduct(DataProduct&gt;) in file:/C:/Users/JEcheverri/IdeaProjects/RetoSistecredito_falabella/build/classes/java/test/' with pattern [^the user searches for a product$] is declared with 1 parameters. However, the gherkin step has 0 arguments []. 
Step text: the user searches for a product</error><system-err>Arity mismatch: Step Definition 'sistecredito.retofalabella.stepdefinitions.ProductShoppingStepDefinitions.theUserSearchesForAProduct(DataProduct&gt;) in file:/C:/Users/JEcheverri/IdeaProjects/RetoSistecredito_falabella/build/classes/java/test/' with pattern [^the user searches for a product$] is declared with 1 parameters. However, the gherkin step has 0 arguments []. 
Step text: the user searches for a product&#13;
cucumber.runner.Runner.runPickle(Runner.java:80)&#13;
</system-err></testcase></testsuite>